ENotary-log 2019/04/04 11:33:00 Invalid name 122@gmail.com
ENotary-log 2019/04/06 11:28:02 New Login7fd0d75c-7b3d-4f50-bdd8-82a8895c6d86
ENotary-log 2019/04/06 11:28:18 CAN NOT FIND ANY CONTRACT 7fd0d75c-7b3d-4f50-bdd8-82a8895c6d86
ENotary-log 2019/04/06 11:30:15 CAN NOT FIND ANY CONTRACT 7fd0d75c-7b3d-4f50-bdd8-82a8895c6d86
ENotary-log 2019/04/06 11:31:57 CAN NOT FIND ANY CONTRACT 7fd0d75c-7b3d-4f50-bdd8-82a8895c6d86
ENotary-log 2019/04/06 11:32:28 CAN NOT FIND ANY CONTRACT 7fd0d75c-7b3d-4f50-bdd8-82a8895c6d86
ENotary-log 2019/04/06 11:42:48 New Login7fd0d75c-7b3d-4f50-bdd8-82a8895c6d86
ENotary-log 2019/04/06 12:20:13 INTERNAL DB ERROR
ENotary-log 2019/04/06 12:20:37 New Login7fd0d75c-7b3d-4f50-bdd8-82a8895c6d86
ENotary-log 2019/04/06 12:47:43 New Login7fd0d75c-7b3d-4f50-bdd8-82a8895c6d86
ENotary-log 2019/04/06 12:50:13 New Login7fd0d75c-7b3d-4f50-bdd8-82a8895c6d86
ENotary-log 2019/04/06 13:23:27 New Login7fd0d75c-7b3d-4f50-bdd8-82a8895c6d86
ENotary-log 2019/04/06 13:37:56 New Login7fd0d75c-7b3d-4f50-bdd8-82a8895c6d86
ENotary-log 2019/04/06 14:43:46 New Login7fd0d75c-7b3d-4f50-bdd8-82a8895c6d86
ENotary-log 2019/04/06 14:45:13 New Login7fd0d75c-7b3d-4f50-bdd8-82a8895c6d86
ENotary-log 2019/04/06 14:52:32 New Login7fd0d75c-7b3d-4f50-bdd8-82a8895c6d86
ENotary-log 2019/04/06 14:53:25 New Login7fd0d75c-7b3d-4f50-bdd8-82a8895c6d86
ENotary-log 2019/04/06 14:54:11 New Login7fd0d75c-7b3d-4f50-bdd8-82a8895c6d86
ENotary-log 2019/04/06 14:55:15 New Login7fd0d75c-7b3d-4f50-bdd8-82a8895c6d86
ENotary-log 2019/04/06 14:56:09 New Login7fd0d75c-7b3d-4f50-bdd8-82a8895c6d86
ENotary-log 2019/04/06 14:57:00 New Login7fd0d75c-7b3d-4f50-bdd8-82a8895c6d86
ENotary-log 2019/04/06 14:59:11 New Login7fd0d75c-7b3d-4f50-bdd8-82a8895c6d86
ENotary-log 2019/04/06 15:02:56 New Login7fd0d75c-7b3d-4f50-bdd8-82a8895c6d86
ENotary-log 2019/04/06 15:04:02 New Login7fd0d75c-7b3d-4f50-bdd8-82a8895c6d86
ENotary-log 2019/04/06 15:04:14 New Login7fd0d75c-7b3d-4f50-bdd8-82a8895c6d86
ENotary-log 2019/04/06 15:04:23 New Login7fd0d75c-7b3d-4f50-bdd8-82a8895c6d86
ENotary-log 2019/04/06 15:04:35 New Login7fd0d75c-7b3d-4f50-bdd8-82a8895c6d86
ENotary-log 2019/04/06 15:07:32 New Login7fd0d75c-7b3d-4f50-bdd8-82a8895c6d86
ENotary-log 2019/04/06 15:09:45 New Login7fd0d75c-7b3d-4f50-bdd8-82a8895c6d86
ENotary-log 2019/04/06 15:10:22 New Login7fd0d75c-7b3d-4f50-bdd8-82a8895c6d86
ENotary-log 2019/04/06 17:15:24 New Login7fd0d75c-7b3d-4f50-bdd8-82a8895c6d86
ENotary-log 2019/04/06 17:41:50 INVALID EMAIL
ENotary-log 2019/04/06 17:42:06 New Login7fd0d75c-7b3d-4f50-bdd8-82a8895c6d86
ENotary-log 2019/04/08 01:02:03 New Login 7fd0d75c-7b3d-4f50-bdd8-82a8895c6d86
ENotary-log 2019/04/08 01:03:08 CAN NOT FIND ANY CONTRACT 7fd0d75c-7b3d-4f50-bdd8-82a8895c6d86
ENotary-log 2019/04/08 01:04:52 New Login 7fd0d75c-7b3d-4f50-bdd8-82a8895c6d86
